<?xml version="1.0" encoding="UTF-8"?>
<testng-results ignored="0" total="1" passed="1" failed="0" skipped="0">
  <reporter-output>
  </reporter-output>
  <suite started-at="2022-11-28T14:24:49 IST" name="Suite" finished-at="2022-11-28T14:24:55 IST" duration-ms="6183">
    <groups>
    </groups>
    <test started-at="2022-11-28T14:24:49 IST" name="Test" finished-at="2022-11-28T14:24:55 IST" duration-ms="6183">
      <class name="automationExmple.Example1">
        <test-method signature="weblaucher()[pri:0, instance:automationExmple.Example1@15bbf42f]" started-at="2022-11-28T14:24:49 IST" name="weblaucher" finished-at="2022-11-28T14:24:55 IST" duration-ms="6073" status="PASS">
          <reporter-output>
          </reporter-output>
        </test-method> <!-- weblaucher -->
      </class> <!-- automationExmple.Example1 -->
    </test> <!-- Test -->
  </suite> <!-- Suite -->
</testng-results>
