<?xml version="1.0" encoding="UTF-8"?>
<testng-results ignored="0" total="1" passed="1" failed="0" skipped="0">
  <reporter-output>
  </reporter-output>
  <suite started-at="2022-11-23T13:28:24 IST" name="Default suite" finished-at="2022-11-23T13:28:25 IST" duration-ms="94">
    <groups>
    </groups>
    <test started-at="2022-11-23T13:28:24 IST" name="Default test" finished-at="2022-11-23T13:28:25 IST" duration-ms="94">
      <class name="automationExmple.Example1">
        <test-method signature="weblaucher()[pri:0, instance:automationExmple.Example1@429bffaa]" started-at="2022-11-23T13:28:25 IST" name="weblaucher" finished-at="2022-11-23T13:28:25 IST" duration-ms="15" status="PASS">
          <reporter-output>
          </reporter-output>
        </test-method> <!-- weblaucher -->
      </class> <!-- automationExmple.Example1 -->
    </test> <!-- Default test -->
  </suite> <!-- Default suite -->
</testng-results>
